TN:
SF:src\app.js
FN:9,(anonymous_0)
FN:17,(anonymous_1)
FNF:2
FNH:0
FNDA:0,(anonymous_0)
FNDA:0,(anonymous_1)
DA:1,1
DA:2,1
DA:4,1
DA:6,1
DA:7,1
DA:9,1
DA:10,0
DA:11,0
DA:14,1
DA:16,1
DA:17,0
DA:18,0
DA:22,1
LF:13
LH:9
BRDA:14,0,0,1
BRDA:14,0,1,1
BRDA:16,1,0,0
BRDA:16,1,1,1
BRF:4
BRH:3
end_of_record
TN:
SF:src\routes\tasks.js
FN:6,(anonymous_0)
FN:11,(anonymous_1)
FN:30,(anonymous_2)
FN:40,(anonymous_3)
FN:54,(anonymous_4)
FN:63,(anonymous_5)
FN:72,(anonymous_6)
FNF:7
FNH:7
FNDA:1,(anonymous_0)
FNDA:3,(anonymous_1)
FNDA:3,(anonymous_2)
FNDA:3,(anonymous_3)
FNDA:2,(anonymous_4)
FNDA:2,(anonymous_5)
FNDA:4,(anonymous_6)
DA:1,1
DA:2,1
DA:3,1
DA:4,1
DA:6,1
DA:7,1
DA:8,1
DA:11,1
DA:12,3
DA:14,3
DA:15,1
DA:16,1
DA:19,2
DA:20,1
DA:21,1
DA:22,1
DA:23,1
DA:26,1
DA:27,1
DA:30,1
DA:31,3
DA:32,3
DA:33,2
DA:36,1
DA:37,1
DA:40,1
DA:41,3
DA:42,3
DA:43,1
DA:46,2
DA:47,2
DA:48,1
DA:51,1
DA:54,1
DA:55,2
DA:56,2
DA:57,1
DA:60,1
DA:63,1
DA:64,2
DA:65,2
DA:66,1
DA:69,1
DA:72,1
DA:73,4
DA:74,4
DA:75,1
DA:78,3
DA:79,3
DA:80,1
DA:82,2
DA:83,1
DA:86,1
DA:89,1
LF:54
LH:54
BRDA:14,0,0,1
BRDA:14,0,1,2
BRDA:19,1,0,1
BRDA:19,1,1,1
BRDA:19,2,0,2
BRDA:19,2,1,1
BRDA:20,3,0,1
BRDA:20,3,1,0
BRDA:21,4,0,1
BRDA:21,4,1,0
BRDA:32,5,0,2
BRDA:32,5,1,1
BRDA:42,6,0,1
BRDA:42,6,1,2
BRDA:47,7,0,1
BRDA:47,7,1,1
BRDA:56,8,0,1
BRDA:56,8,1,1
BRDA:65,9,0,1
BRDA:65,9,1,1
BRDA:74,10,0,1
BRDA:74,10,1,3
BRDA:79,11,0,1
BRDA:79,11,1,2
BRDA:82,12,0,1
BRDA:82,12,1,1
BRF:26
BRH:24
end_of_record
TN:
SF:src\services\taskService.js
FN:5,(anonymous_0)
FN:7,(anonymous_1)
FN:7,(anonymous_2)
FN:9,(anonymous_3)
FN:9,(anonymous_4)
FN:11,(anonymous_5)
FN:16,(anonymous_6)
FN:21,(anonymous_7)
FN:31,(anonymous_8)
FN:47,(anonymous_9)
FN:48,(anonymous_10)
FN:57,(anonymous_11)
FN:58,(anonymous_12)
FN:65,(anonymous_13)
FN:75,(anonymous_14)
FN:80,(anonymous_15)
FN:90,(anonymous_16)
FN:95,(anonymous_17)
FNF:18
FNH:18
FNDA:2,(anonymous_0)
FNDA:18,(anonymous_1)
FNDA:11,(anonymous_2)
FNDA:3,(anonymous_3)
FNDA:6,(anonymous_4)
FNDA:3,(anonymous_5)
FNDA:2,(anonymous_6)
FNDA:5,(anonymous_7)
FNDA:40,(anonymous_8)
FNDA:5,(anonymous_9)
FNDA:3,(anonymous_10)
FNDA:4,(anonymous_11)
FNDA:2,(anonymous_12)
FNDA:4,(anonymous_13)
FNDA:2,(anonymous_14)
FNDA:8,(anonymous_15)
FNDA:4,(anonymous_16)
FNDA:36,(anonymous_17)
DA:1,2
DA:3,2
DA:5,2
DA:7,18
DA:9,6
DA:11,2
DA:12,3
DA:13,3
DA:16,2
DA:17,2
DA:18,2
DA:19,2
DA:21,2
DA:22,5
DA:23,5
DA:24,1
DA:28,2
DA:31,2
DA:32,40
DA:43,40
DA:44,40
DA:47,2
DA:48,5
DA:49,5
DA:51,3
DA:52,3
DA:53,3
DA:54,3
DA:57,2
DA:58,4
DA:59,4
DA:61,2
DA:62,2
DA:65,2
DA:66,4
DA:67,4
DA:69,2
DA:75,2
DA:76,2
DA:77,2
DA:80,2
DA:81,8
DA:82,8
DA:83,6
DA:85,4
DA:90,4
DA:91,4
DA:92,4
DA:95,2
DA:96,36
DA:99,2
LF:51
LH:51
BRDA:22,0,0,5
BRDA:22,0,1,0
BRDA:23,1,0,1
BRDA:23,1,1,4
BRDA:23,2,0,5
BRDA:23,2,1,2
BRDA:23,2,2,1
BRDA:31,3,0,39
BRDA:31,4,0,30
BRDA:31,5,0,37
BRDA:31,6,0,37
BRDA:49,7,0,2
BRDA:49,7,1,3
BRDA:59,8,0,2
BRDA:59,8,1,2
BRDA:67,9,0,2
BRDA:67,9,1,2
BRDA:82,10,0,2
BRDA:82,10,1,6
BRDA:83,11,0,2
BRDA:83,11,1,4
BRF:21
BRH:20
end_of_record
TN:
SF:src\utils\validators.js
FN:4,(anonymous_0)
FN:20,(anonymous_1)
FN:36,(anonymous_2)
FNF:3
FNH:3
FNDA:3,(anonymous_0)
FNDA:3,(anonymous_1)
FNDA:4,(anonymous_2)
DA:1,1
DA:2,1
DA:4,1
DA:5,3
DA:6,1
DA:8,2
DA:9,1
DA:11,1
DA:12,0
DA:14,1
DA:15,0
DA:17,1
DA:20,1
DA:21,3
DA:22,0
DA:24,3
DA:25,0
DA:27,3
DA:28,1
DA:30,2
DA:31,0
DA:33,2
DA:36,1
DA:37,4
DA:38,1
DA:40,3
DA:43,1
LF:27
LH:22
BRDA:5,0,0,1
BRDA:5,0,1,2
BRDA:5,1,0,3
BRDA:5,1,1,2
BRDA:5,1,2,2
BRDA:8,2,0,1
BRDA:8,2,1,1
BRDA:8,3,0,2
BRDA:8,3,1,1
BRDA:11,4,0,0
BRDA:11,4,1,1
BRDA:11,5,0,1
BRDA:11,5,1,1
BRDA:14,6,0,0
BRDA:14,6,1,1
BRDA:14,7,0,1
BRDA:14,7,1,0
BRDA:21,8,0,0
BRDA:21,8,1,3
BRDA:21,9,0,3
BRDA:21,9,1,3
BRDA:21,9,2,3
BRDA:24,10,0,0
BRDA:24,10,1,3
BRDA:24,11,0,3
BRDA:24,11,1,1
BRDA:27,12,0,1
BRDA:27,12,1,2
BRDA:27,13,0,3
BRDA:27,13,1,1
BRDA:30,14,0,0
BRDA:30,14,1,2
BRDA:30,15,0,2
BRDA:30,15,1,0
BRDA:37,16,0,1
BRDA:37,16,1,3
BRDA:37,17,0,4
BRDA:37,17,1,3
BRDA:37,17,2,3
BRF:39
BRH:32
end_of_record
